2019-03-05 09:43:54,434 INFO o.a.j.u.JMeterUtils: Setting Locale to en_EN
2019-03-05 09:43:54,470 INFO o.a.j.JMeter: Loading user properties from: /Users/jeizas/software/apache-jmeter-5.0/bin/user.properties
2019-03-05 09:43:54,471 INFO o.a.j.JMeter: Loading system properties from: /Users/jeizas/software/apache-jmeter-5.0/bin/system.properties
2019-03-05 09:43:54,479 INFO o.a.j.JMeter: Copyright (c) 1998-2018 The Apache Software Foundation
2019-03-05 09:43:54,479 INFO o.a.j.JMeter: Version 5.0 r1840935
2019-03-05 09:43:54,479 INFO o.a.j.JMeter: java.version=1.8.0_112
2019-03-05 09:43:54,479 INFO o.a.j.JMeter: java.vm.name=Java HotSpot(TM) 64-Bit Server VM
2019-03-05 09:43:54,479 INFO o.a.j.JMeter: os.name=Mac OS X
2019-03-05 09:43:54,479 INFO o.a.j.JMeter: os.arch=x86_64
2019-03-05 09:43:54,480 INFO o.a.j.JMeter: os.version=10.14.3
2019-03-05 09:43:54,480 INFO o.a.j.JMeter: file.encoding=UTF-8
2019-03-05 09:43:54,480 INFO o.a.j.JMeter: Max memory     =1073741824
2019-03-05 09:43:54,480 INFO o.a.j.JMeter: Available Processors =8
2019-03-05 09:43:54,487 INFO o.a.j.JMeter: Default Locale=English (EN)
2019-03-05 09:43:54,488 INFO o.a.j.JMeter: JMeter  Locale=English (EN)
2019-03-05 09:43:54,488 INFO o.a.j.JMeter: JMeterHome=/Users/jeizas/software/apache-jmeter-5.0
2019-03-05 09:43:54,488 INFO o.a.j.JMeter: user.dir  =/Users/jeizas/software/jeizas.github.io
2019-03-05 09:43:54,488 INFO o.a.j.JMeter: PWD       =/Users/jeizas/software/jeizas.github.io
2019-03-05 09:43:54,538 INFO o.a.j.JMeter: IP: 192.168.1.36 Name: jeizas@MacBook-Pro FullName: 192.168.1.36
2019-03-05 09:44:00,464 INFO o.a.j.g.a.LookAndFeelCommand: Installing Darcula LAF
2019-03-05 09:44:00,489 INFO o.a.j.g.a.LookAndFeelCommand: Using look and feel: com.bulenkov.darcula.DarculaLaf [Darcula]
2019-03-05 09:44:00,490 INFO o.a.j.JMeter: Setting LAF to: com.bulenkov.darcula.DarculaLaf
2019-03-05 09:44:00,586 INFO o.a.j.JMeter: Loaded icon properties from org/apache/jmeter/images/icon.properties
2019-03-05 09:44:01,172 INFO o.a.j.e.u.CompoundVariable: Note: Function class names must contain the string: '.functions.'
2019-03-05 09:44:01,172 INFO o.a.j.e.u.CompoundVariable: Note: Function class names must not contain the string: '.gui.'
2019-03-05 09:44:02,904 INFO o.a.j.p.h.s.HTTPSamplerBase: Parser for text/html is org.apache.jmeter.protocol.http.parser.LagartoBasedHtmlParser
2019-03-05 09:44:02,905 INFO o.a.j.p.h.s.HTTPSamplerBase: Parser for application/xhtml+xml is org.apache.jmeter.protocol.http.parser.LagartoBasedHtmlParser
2019-03-05 09:44:02,905 INFO o.a.j.p.h.s.HTTPSamplerBase: Parser for application/xml is org.apache.jmeter.protocol.http.parser.LagartoBasedHtmlParser
2019-03-05 09:44:02,905 INFO o.a.j.p.h.s.HTTPSamplerBase: Parser for text/xml is org.apache.jmeter.protocol.http.parser.LagartoBasedHtmlParser
2019-03-05 09:44:02,905 INFO o.a.j.p.h.s.HTTPSamplerBase: Parser for text/vnd.wap.wml is org.apache.jmeter.protocol.http.parser.RegexpHTMLParser
2019-03-05 09:44:02,905 INFO o.a.j.p.h.s.HTTPSamplerBase: Parser for text/css is org.apache.jmeter.protocol.http.parser.CssParser
2019-03-05 09:44:03,246 INFO o.a.j.e.KeyToolUtils: keytool found at 'keytool'
2019-03-05 09:44:03,247 INFO o.a.j.p.h.p.ProxyControl: HTTP(S) Test Script Recorder SSL Proxy will use keys that support embedded 3rd party resources in file /Users/jeizas/software/apache-jmeter-5.0/bin/proxyserver.jks
2019-03-05 09:44:03,364 INFO o.a.j.s.FileServer: Default base='/Users/jeizas/software/jeizas.github.io'
2019-03-05 09:44:03,666 INFO o.a.j.s.SampleResult: Note: Sample TimeStamps are START times
2019-03-05 09:44:03,666 INFO o.a.j.s.SampleResult: sampleresult.default.encoding is set to ISO-8859-1
2019-03-05 09:44:03,666 INFO o.a.j.s.SampleResult: sampleresult.useNanoTime=true
2019-03-05 09:44:03,666 INFO o.a.j.s.SampleResult: sampleresult.nanoThreadSleep=5000
